<?xml version="1.0" encoding="UTF-8"?>
<!-- Generated by org.testng.reporters.JUnitXMLReporter -->
<testsuite hostname="AMW201-PC" name="Test" tests="3" failures="0" timestamp="22 Mar 2021 09:20:21 GMT" time="79.058" errors="0">
  <testcase name="doLogin" time="24.738" classname="com.w2a.zoho.rough.TestCase2"/>
  <testcase name="doLogin" time="33.307" classname="com.w2a.zoho.rough.TestCase1"/>
  <testcase name="doLogin" time="20.923" classname="com.w2a.zoho.rough.TestCase1"/>
</testsuite> <!-- Test -->
