<?xml version="1.0" encoding="UTF-8"?>
<!-- Generated by org.testng.reporters.JUnitXMLReporter -->
<testsuite hostname="AMW201-PC" name="Test1" tests="2" failures="2" timestamp="30 Mar 2021 06:21:11 GMT" time="16.286" errors="0">
  <testcase name="loginTest" time="13.165" classname="com.w2a.zoho.rough.LoginTest">
    <failure type="org.openqa.selenium.SessionNotCreatedException" message="session not created
from disconnected: Unable to receive message from renderer
  (Session info: chrome=89.0.4389.90)
Build info: version: &amp;apos;3.12.0&amp;apos;, revision: &amp;apos;7c6e0b3&amp;apos;, time: &amp;apos;2018-05-08T14:04:26.12Z&amp;apos;
System info: host: &amp;apos;AMW201-PC&amp;apos;, ip: &amp;apos;192.168.56.1&amp;apos;, os.name: &amp;apos;Windows 7&amp;apos;, os.arch: &amp;apos;amd64&amp;apos;, os.version: &amp;apos;6.1&amp;apos;, java.version: &amp;apos;1.8.0_231&amp;apos;
Driver info: driver.version: ChromeDriver
remote stacktrace: Backtrace:
	Ordinal0 [0x013DE7D3+124883]
	Ordinal0 [0x013DE7B1+124849]
	GetHandleVerifier [0x01628688+193832]
	GetHandleVerifier [0x0161C137+143319]
	GetHandleVerifier [0x0161B45E+140030]
	GetHandleVerifier [0x0161B6E6+140678]
	GetHandleVerifier [0x0161B025+138949]
	GetHandleVerifier [0x01624679+177433]
	GetHandleVerifier [0x0161AFE1+138881]
	GetHandleVerifier [0x0161BD62+142338]
	GetHandleVerifier [0x0161B45E+140030]
	GetHandleVerifier [0x0161B6E6+140678]
	GetHandleVerifier [0x0161B025+138949]
	GetHandleVerifier [0x01622A0A+170154]
	GetHandleVerifier [0x0161AFE1+138881]
	GetHandleVerifier [0x0161BD62+142338]
	GetHandleVerifier [0x0161B45E+140030]
	GetHandleVerifier [0x0161B6E6+140678]
	GetHandleVerifier [0x0161B025+138949]
	GetHandleVerifier [0x01620D69+162825]
	GetHandleVerifier [0x0161AFE1+138881]
	GetHandleVerifier [0x0161BD62+142338]
	GetHandleVerifier [0x0161B45E+140030]
	GetHandleVerifier [0x0161B6E6+140678]
	GetHandleVerifier [0x0161B025+138949]
	GetHandleVerifier [0x0162017C+159772]
	GetHandleVerifier [0x0161AFE1+138881]
	GetHandleVerifier [0x0161BD62+142338]
	GetHandleVerifier [0x0161B45E+140030]
	GetHandleVerifier [0x0161B6E6+140678]
	GetHandleVerifier [0x0161B025+138949]
	GetHandleVerifier [0x016176ED+124301]
	GetHandleVerifier [0x0161AFE1+138881]
	GetHandleVerifier [0x0161AE03+138403]
	GetHandleVerifier [0x0161ABF7+137879]
	GetHandleVerifier [0x01629930+198608]
	GetHandleVerifier [0x01665758+443896]
	GetHandleVerifier [0x016647FC+439964]
	GetHandleVerifier [0x0166154B+426987]
	GetHandleVerifier [0x01644FFD+310941]
	GetHandleVerifier [0x01645D8E+314414]
	GetHandleVerifier [0x01645D19+314297]
	GetHandleVerifier [0x017031EC+1089676]
	GetHandleVerifier [0x017017C9+1082985]
	GetHandleVerifier [0x017013A3+1081923]
	GetHandleVerifier [0x017FD9FD+2115741]
	Ordinal0 [0x0152B82E+1488942]
	Ordinal0 [0x014C5A7D+1071741]
	Ordinal0 [0x014C559B+1070491]
	Ordinal0 [0x014C54B1+1070257]
	Ordinal0 [0x014FFF53+1310547]
	BaseThreadInitThunk [0x770133AA+18]
	RtlInitializeExceptionChain [0x77809F72+99]
	RtlInitializeExceptionChain [0x77809F45+54]
">
      <![CDATA[org.openqa.selenium.SessionNotCreatedException: session not created
from disconnected: Unable to receive message from renderer
  (Session info: chrome=89.0.4389.90)
Build info: version: '3.12.0', revision: '7c6e0b3', time: '2018-05-08T14:04:26.12Z'
System info: host: 'AMW201-PC', ip: '192.168.56.1', os.name: 'Windows 7', os.arch: 'amd64', os.version: '6.1', java.version: '1.8.0_231'
Driver info: driver.version: ChromeDriver
remote stacktrace: Backtrace:
	Ordinal0 [0x013DE7D3+124883]
	Ordinal0 [0x013DE7B1+124849]
	GetHandleVerifier [0x01628688+193832]
	GetHandleVerifier [0x0161C137+143319]
	GetHandleVerifier [0x0161B45E+140030]
	GetHandleVerifier [0x0161B6E6+140678]
	GetHandleVerifier [0x0161B025+138949]
	GetHandleVerifier [0x01624679+177433]
	GetHandleVerifier [0x0161AFE1+138881]
	GetHandleVerifier [0x0161BD62+142338]
	GetHandleVerifier [0x0161B45E+140030]
	GetHandleVerifier [0x0161B6E6+140678]
	GetHandleVerifier [0x0161B025+138949]
	GetHandleVerifier [0x01622A0A+170154]
	GetHandleVerifier [0x0161AFE1+138881]
	GetHandleVerifier [0x0161BD62+142338]
	GetHandleVerifier [0x0161B45E+140030]
	GetHandleVerifier [0x0161B6E6+140678]
	GetHandleVerifier [0x0161B025+138949]
	GetHandleVerifier [0x01620D69+162825]
	GetHandleVerifier [0x0161AFE1+138881]
	GetHandleVerifier [0x0161BD62+142338]
	GetHandleVerifier [0x0161B45E+140030]
	GetHandleVerifier [0x0161B6E6+140678]
	GetHandleVerifier [0x0161B025+138949]
	GetHandleVerifier [0x0162017C+159772]
	GetHandleVerifier [0x0161AFE1+138881]
	GetHandleVerifier [0x0161BD62+142338]
	GetHandleVerifier [0x0161B45E+140030]
	GetHandleVerifier [0x0161B6E6+140678]
	GetHandleVerifier [0x0161B025+138949]
	GetHandleVerifier [0x016176ED+124301]
	GetHandleVerifier [0x0161AFE1+138881]
	GetHandleVerifier [0x0161AE03+138403]
	GetHandleVerifier [0x0161ABF7+137879]
	GetHandleVerifier [0x01629930+198608]
	GetHandleVerifier [0x01665758+443896]
	GetHandleVerifier [0x016647FC+439964]
	GetHandleVerifier [0x0166154B+426987]
	GetHandleVerifier [0x01644FFD+310941]
	GetHandleVerifier [0x01645D8E+314414]
	GetHandleVerifier [0x01645D19+314297]
	GetHandleVerifier [0x017031EC+1089676]
	GetHandleVerifier [0x017017C9+1082985]
	GetHandleVerifier [0x017013A3+1081923]
	GetHandleVerifier [0x017FD9FD+2115741]
	Ordinal0 [0x0152B82E+1488942]
	Ordinal0 [0x014C5A7D+1071741]
	Ordinal0 [0x014C559B+1070491]
	Ordinal0 [0x014C54B1+1070257]
	Ordinal0 [0x014FFF53+1310547]
	BaseThreadInitThunk [0x770133AA+18]
	RtlInitializeExceptionChain [0x77809F72+99]
	RtlInitializeExceptionChain [0x77809F45+54]

	at org.openqa.selenium.remote.W3CHandshakeResponse.lambda$new$0(W3CHandshakeResponse.java:57)
	at org.openqa.selenium.remote.W3CHandshakeResponse.lambda$getResponseFunction$2(W3CHandshakeResponse.java:104)
	at org.openqa.selenium.remote.ProtocolHandshake.lambda$createSession$0(ProtocolHandshake.java:123)
	at java.util.stream.ReferencePipeline$3$1.accept(ReferencePipeline.java:193)
	at java.util.Spliterators$ArraySpliterator.tryAdvance(Spliterators.java:958)
	at java.util.stream.ReferencePipeline.forEachWithCancel(ReferencePipeline.java:126)
	at java.util.stream.AbstractPipeline.copyIntoWithCancel(AbstractPipeline.java:499)
	at java.util.stream.AbstractPipeline.copyInto(AbstractPipeline.java:486)
	at java.util.stream.AbstractPipeline.wrapAndCopyInto(AbstractPipeline.java:472)
	at java.util.stream.FindOps$FindOp.evaluateSequential(FindOps.java:152)
	at java.util.stream.AbstractPipeline.evaluate(AbstractPipeline.java:234)
	at java.util.stream.ReferencePipeline.findFirst(ReferencePipeline.java:464)
	at org.openqa.selenium.remote.ProtocolHandshake.createSession(ProtocolHandshake.java:126)
	at org.openqa.selenium.remote.ProtocolHandshake.createSession(ProtocolHandshake.java:73)
	at org.openqa.selenium.remote.HttpCommandExecutor.execute(HttpCommandExecutor.java:136)
	at org.openqa.selenium.remote.service.DriverCommandExecutor.execute(DriverCommandExecutor.java:83)
	at org.openqa.selenium.remote.RemoteWebDriver.execute(RemoteWebDriver.java:543)
	at org.openqa.selenium.remote.RemoteWebDriver.startSession(RemoteWebDriver.java:207)
	at org.openqa.selenium.remote.RemoteWebDriver.<init>(RemoteWebDriver.java:130)
	at org.openqa.selenium.chrome.ChromeDriver.<init>(ChromeDriver.java:181)
	at org.openqa.selenium.chrome.ChromeDriver.<init>(ChromeDriver.java:168)
	at org.openqa.selenium.chrome.ChromeDriver.<init>(ChromeDriver.java:123)
	at com.w2a.zoho.rough.BaseTest.openBrowser(BaseTest.java:81)
	at com.w2a.zoho.rough.LoginTest.loginTest(LoginTest.java:24)
	at java.util.concurrent.FutureTask.run(FutureTask.java:266)
	at java.util.concurrent.Executors$RunnableAdapter.call(Executors.java:511)
	at java.util.concurrent.FutureTask.run(FutureTask.java:266)
	at java.util.concurrent.ThreadPoolExecutor.runWorker(ThreadPoolExecutor.java:1149)
	at java.util.concurrent.ThreadPoolExecutor$Worker.run(ThreadPoolExecutor.java:624)
	at java.lang.Thread.run(Thread.java:748)
... Removed 13 stack frames]]>
    </failure>
  </testcase> <!-- loginTest -->
  <testcase name="loginTest" time="16.221" classname="com.w2a.zoho.rough.LoginTest">
    <failure type="org.testng.TestNGException" message="java.util.concurrent.ExecutionException: java.lang.NullPointerException">
      <![CDATA[org.testng.TestNGException: java.util.concurrent.ExecutionException: java.lang.NullPointerException
Caused by: java.util.concurrent.ExecutionException: java.lang.NullPointerException
	at java.util.concurrent.FutureTask.report(FutureTask.java:122)
	at java.util.concurrent.FutureTask.get(FutureTask.java:192)
	... 18 more
Caused by: java.lang.NullPointerException
	at com.w2a.zoho.ExtentListners.ExtentManager.captureScreenshot(ExtentManager.java:51)
	at com.w2a.zoho.ExtentListners.ExtentListeners.onTestFailure(ExtentListeners.java:62)
	at java.util.concurrent.FutureTask.run(FutureTask.java:266)
	at java.util.concurrent.Executors$RunnableAdapter.call(Executors.java:511)
	at java.util.concurrent.FutureTask.run(FutureTask.java:266)
	at java.util.concurrent.ThreadPoolExecutor.runWorker(ThreadPoolExecutor.java:1149)
	at java.util.concurrent.ThreadPoolExecutor$Worker.run(ThreadPoolExecutor.java:624)
	at java.lang.Thread.run(Thread.java:748)
... Removed 26 stack frames]]>
    </failure>
  </testcase> <!-- loginTest -->
</testsuite> <!-- Test1 -->
